#
# There is insufficient memory for the Java Runtime Environment to continue.
# Native memory allocation (malloc) failed to allocate 1103248 bytes. Error detail: Chunk::new
# Possible reasons:
#   The system is out of physical RAM or swap space
#   This process is running with CompressedOops enabled, and the Java Heap may be blocking the growth of the native heap
# Possible solutions:
#   Reduce memory load on the system
#   Increase physical memory or swap space
#   Check if swap backing store is full
#   Decrease Java heap size (-Xmx/-Xms)
#   Decrease number of Java threads
#   Decrease Java thread stack sizes (-Xss)
#   Set larger code cache with -XX:ReservedCodeCacheSize=
#   JVM is running with Unscaled Compressed Oops mode in which the Java heap is
#     placed in the first 4GB address space. The Java Heap base address is the
#     maximum limit for the native heap growth. Please use -XX:HeapBaseMinAddress
#     to set the Java Heap base and to place the Java Heap above 4GB virtual address.
# This output file may be truncated or incomplete.
#
#  Out of Memory Error (arena.cpp:162), pid=17188, tid=25016
#
# JRE version: Java(TM) SE Runtime Environment (24.0.1+9) (build 24.0.1+9-30)
# Java VM: Java HotSpot(TM) 64-Bit Server VM (24.0.1+9-30, mixed mode, sharing, tiered, compressed oops, compressed class ptrs, g1 gc, windows-amd64)
# No core dump will be written. Minidumps are not enabled by default on client versions of Windows
#

---------------  S U M M A R Y ------------

Command Line: --enable-native-access=ALL-UNNAMED -Xms256m -Xmx1024m -Dclassworlds.conf=C:\Program Files\Apache\maven\apache-maven-3.9.11\bin\m2.conf -Dmaven.home=C:\Program Files\Apache\maven\apache-maven-3.9.11 -Dlibrary.jansi.path=C:\Program Files\Apache\maven\apache-maven-3.9.11\lib\jansi-native -Dmaven.multiModuleProjectDirectory=C:\Users\91798\Downloads\assignment org.codehaus.plexus.classworlds.launcher.Launcher clean install

Host: 11th Gen Intel(R) Core(TM) i7-11800H @ 2.30GHz, 16 cores, 15G,  Windows 11 , 64 bit Build 26100 (10.0.26100.6780)
Time: Sun Oct 19 00:49:35 2025 India Standard Time elapsed time: 1.530738 seconds (0d 0h 0m 1s)

---------------  T H R E A D  ---------------

Current thread (0x00000218c1c89860):  JavaThread "C2 CompilerThread1" daemon [_thread_in_native, id=25016, stack(0x000000c98a500000,0x000000c98a600000) (1024K)]


Current CompileTask:
C2:1530 1238 % !   4       java.util.concurrent.ConcurrentHashMap::transfer @ 96 (849 bytes)

Stack: [0x000000c98a500000,0x000000c98a600000]
Native frames: (J=compiled Java code, j=interpreted, Vv=VM code, C=native code)
V  [jvm.dll+0x730739]  (no source info available)
V  [jvm.dll+0x8d9b23]  (no source info available)
V  [jvm.dll+0x8dc00d]  (no source info available)
V  [jvm.dll+0x8dc683]  (no source info available)
V  [jvm.dll+0x2aa086]  (no source info available)
V  [jvm.dll+0xcedef]  (no source info available)
V  [jvm.dll+0xcf04f]  (no source info available)
V  [jvm.dll+0x154d83]  (no source info available)
V  [jvm.dll+0x735f5f]  (no source info available)
V  [jvm.dll+0x26fa1c]  (no source info available)
V  [jvm.dll+0x26ea3f]  (no source info available)
V  [jvm.dll+0x1e9d60]  (no source info available)
V  [jvm.dll+0x27e1fb]  (no source info available)
V  [jvm.dll+0x27c49a]  (no source info available)
V  [jvm.dll+0x42f456]  (no source info available)
V  [jvm.dll+0x87d76b]  (no source info available)
V  [jvm.dll+0x72ee55]  (no source info available)
C  [ucrtbase.dll+0x37b0]  (no source info available)
C  [KERNEL32.DLL+0x2e8d7]  (no source info available)
C  [ntdll.dll+0x8c53c]  (no source info available)

Lock stack of current Java thread (top to bottom):


---------------  P R O C E S S  ---------------

Threads class SMR info:
_java_thread_list=0x0000021907bb3410, length=20, elements={
0x00000218a3145b90, 0x00000218c19c0410, 0x00000218c19c3160, 0x00000218c19c7fa0,
0x00000218c19c8cf0, 0x00000218c19ca4c0, 0x00000218c19cbff0, 0x00000218c19ccf40,
0x00000218c19d12a0, 0x00000218c1ba12f0, 0x00000218c1bbd440, 0x00000218c1c1fc90,
0x00000218c1c21c80, 0x00000218c1c89860, 0x000002190791b490, 0x000002190791bc20,
0x0000021907917880, 0x0000021907916960, 0x00000219079161d0, 0x00000219079170f0
}

Java Threads: ( => current thread )
  0x00000218a3145b90 JavaThread "main"                              [_thread_in_Java, id=4848, stack(0x000000c989000000,0x000000c989100000) (1024K)]
  0x00000218c19c0410 JavaThread "Reference Handler"          daemon [_thread_blocked, id=15908, stack(0x000000c989800000,0x000000c989900000) (1024K)]
  0x00000218c19c3160 JavaThread "Finalizer"                  daemon [_thread_blocked, id=7668, stack(0x000000c989900000,0x000000c989a00000) (1024K)]
  0x00000218c19c7fa0 JavaThread "Signal Dispatcher"          daemon [_thread_blocked, id=7892, stack(0x000000c989a00000,0x000000c989b00000) (1024K)]
  0x00000218c19c8cf0 JavaThread "Attach Listener"            daemon [_thread_blocked, id=6060, stack(0x000000c989b00000,0x000000c989c00000) (1024K)]
  0x00000218c19ca4c0 JavaThread "Service Thread"             daemon [_thread_blocked, id=3384, stack(0x000000c989c00000,0x000000c989d00000) (1024K)]
  0x00000218c19cbff0 JavaThread "Monitor Deflation Thread"   daemon [_thread_blocked, id=7372, stack(0x000000c989d00000,0x000000c989e00000) (1024K)]
  0x00000218c19ccf40 JavaThread "C2 CompilerThread0"         daemon [_thread_in_native, id=14024, stack(0x000000c989e00000,0x000000c989f00000) (1024K)]
  0x00000218c19d12a0 JavaThread "C1 CompilerThread0"         daemon [_thread_blocked, id=20560, stack(0x000000c989f00000,0x000000c98a000000) (1024K)]
  0x00000218c1ba12f0 JavaThread "C1 CompilerThread1"         daemon [_thread_blocked, id=20132, stack(0x000000c98a000000,0x000000c98a100000) (1024K)]
  0x00000218c1bbd440 JavaThread "C1 CompilerThread2"         daemon [_thread_blocked, id=24752, stack(0x000000c98a100000,0x000000c98a200000) (1024K)]
  0x00000218c1c1fc90 JavaThread "Notification Thread"        daemon [_thread_blocked, id=1740, stack(0x000000c98a300000,0x000000c98a400000) (1024K)]
  0x00000218c1c21c80 JavaThread "Common-Cleaner"             daemon [_thread_blocked, id=25472, stack(0x000000c98a400000,0x000000c98a500000) (1024K)]
=>0x00000218c1c89860 JavaThread "C2 CompilerThread1"         daemon [_thread_in_native, id=25016, stack(0x000000c98a500000,0x000000c98a600000) (1024K)]
  0x000002190791b490 JavaThread "C2 CompilerThread2"         daemon [_thread_in_native, id=21484, stack(0x000000c98a600000,0x000000c98a700000) (1024K)]
  0x000002190791bc20 JavaThread "C2 CompilerThread3"         daemon [_thread_in_native, id=23832, stack(0x000000c98a700000,0x000000c98a800000) (1024K)]
  0x0000021907917880 JavaThread "C2 CompilerThread4"         daemon [_thread_in_native, id=6508, stack(0x000000c98a200000,0x000000c98a300000) (1024K)]
  0x0000021907916960 JavaThread "C2 CompilerThread5"         daemon [_thread_in_native, id=22960, stack(0x000000c98a800000,0x000000c98a900000) (1024K)]
  0x00000219079161d0 JavaThread "C2 CompilerThread6"         daemon [_thread_in_native, id=11404, stack(0x000000c98a900000,0x000000c98aa00000) (1024K)]
  0x00000219079170f0 JavaThread "C2 CompilerThread7"         daemon [_thread_in_native, id=10308, stack(0x000000c98aa00000,0x000000c98ab00000) (1024K)]
Total: 20

Other Threads:
  0x00000218c19b1780 VMThread "VM Thread"                           [id=5024, stack(0x000000c989700000,0x000000c989800000) (1024K)]
  0x00000218c1a80750 WatcherThread "VM Periodic Task Thread"        [id=12108, stack(0x000000c989600000,0x000000c989700000) (1024K)]
  0x00000218a3759f80 WorkerThread "GC Thread#0"                     [id=24588, stack(0x000000c989100000,0x000000c989200000) (1024K)]
  0x00000218a3764fd0 ConcurrentGCThread "G1 Main Marker"            [id=22268, stack(0x000000c989200000,0x000000c989300000) (1024K)]
  0x00000218a37669d0 WorkerThread "G1 Conc#0"                       [id=24432, stack(0x000000c989300000,0x000000c989400000) (1024K)]
  0x00000218c18f82e0 ConcurrentGCThread "G1 Refine#0"               [id=24012, stack(0x000000c989400000,0x000000c989500000) (1024K)]
  0x00000218c18fa110 ConcurrentGCThread "G1 Service"                [id=22780, stack(0x000000c989500000,0x000000c989600000) (1024K)]
Total: 7

Threads with active compile tasks:
C2 CompilerThread0  3583 1324       4       org.codehaus.plexus.util.xml.XmlReader::read (11 bytes)
C2 CompilerThread1  3583 1238 % !   4       java.util.concurrent.ConcurrentHashMap::transfer @ 96 (849 bytes)
C2 CompilerThread2  3583 1321   !   4       sun.nio.cs.StreamDecoder::read (220 bytes)
C2 CompilerThread3  3583 1323       4       java.io.InputStreamReader::read (11 bytes)
C2 CompilerThread4  3583 1339       4       sun.nio.cs.StreamDecoder::implRead (232 bytes)
C2 CompilerThread5  3583 1341       4       java.nio.Buffer::limit (65 bytes)
C2 CompilerThread6  3583 1325       4       org.codehaus.plexus.util.InterpolationFilterReader::read (477 bytes)
C2 CompilerThread7  3583 1326       4       java.io.Reader::read (21 bytes)
Total: 8

VM state: not at safepoint (normal execution)

VM Mutex/Monitor currently owned by a thread: None

Heap address: 0x00000000c0000000, size: 1024 MB, Compressed Oops mode: 32-bit

CDS archive(s) mapped at: [0x00000218c2000000-0x00000218c2d40000-0x00000218c2d40000), size 13893632, SharedBaseAddress: 0x00000218c2000000, ArchiveRelocationMode: 1.
Compressed class space mapped at: 0x00000218c3000000-0x0000021903000000, reserved size: 1073741824
UseCompressedClassPointers 1, UseCompactObjectHeaders 0
Narrow klass pointer bits 32, Max shift 3
Narrow klass base: 0x00000218c2000000, Narrow klass shift: 0
Encoding Range: [0x00000218c2000000 - 0x00000219c2000000), (4294967296 bytes)
Klass Range:    [0x00000218c2000000 - 0x0000021903000000), (1090519040 bytes)
Klass ID Range:  [8 - 1090519033) (1090519025)

GC Precious Log:
 CardTable entry size: 512
 Card Set container configuration: InlinePtr #cards 5 size 8 Array Of Cards #cards 10 size 36 Howl #buckets 4 coarsen threshold 1843 Howl Bitmap #cards 512 size 80 coarsen threshold 460 Card regions per heap region 1 cards per card region 2048
 CPUs: 16 total, 16 available
 Memory: 16085M
 Large Page Support: Disabled
 NUMA Support: Disabled
 Compressed Oops: Enabled (32-bit)
 Heap Region Size: 1M
 Heap Min Capacity: 256M
 Heap Initial Capacity: 256M
 Heap Max Capacity: 1G
 Pre-touch: Disabled
 Parallel Workers: 13
 Concurrent Workers: 3
 Concurrent Refinement Workers: 13
 Periodic GC: Disabled

Heap:
 garbage-first heap   total reserved 1048576K, committed 264192K, used 23668K [0x00000000c0000000, 0x0000000100000000)
  region size 1024K, 23 young (23552K), 0 survivors (0K)
 Metaspace       used 5705K, committed 5824K, reserved 1114112K
  class space    used 522K, committed 576K, reserved 1048576K

Heap Regions: E=young(eden), S=young(survivor), O=old, HS=humongous(starts), HC=humongous(continues), CS=collection set, F=free, TAMS=top-at-mark-start, PB=parsable bottom
|   0|0x00000000c0000000, 0x00000000c0000000, 0x00000000c0100000|  0%| F|  |TAMS 0x00000000c0000000| PB 0x00000000c0000000| Untracked |  0
|   1|0x00000000c0100000, 0x00000000c0100000, 0x00000000c0200000|  0%| F|  |TAMS 0x00000000c0100000| PB 0x00000000c0100000| Untracked |  0
|   2|0x00000000c0200000, 0x00000000c0200000, 0x00000000c0300000|  0%| F|  |TAMS 0x00000000c0200000| PB 0x00000000c0200000| Untracked |  0
|   3|0x00000000c0300000, 0x00000000c0300000, 0x00000000c0400000|  0%| F|  |TAMS 0x00000000c0300000| PB 0x00000000c0300000| Untracked |  0
|   4|0x00000000c0400000, 0x00000000c0400000, 0x00000000c0500000|  0%| F|  |TAMS 0x00000000c0400000| PB 0x00000000c0400000| Untracked |  0
|   5|0x00000000c0500000, 0x00000000c0500000, 0x00000000c0600000|  0%| F|  |TAMS 0x00000000c0500000| PB 0x00000000c0500000| Untracked |  0
|   6|0x00000000c0600000, 0x00000000c0600000, 0x00000000c0700000|  0%| F|  |TAMS 0x00000000c0600000| PB 0x00000000c0600000| Untracked |  0
|   7|0x00000000c0700000, 0x00000000c0700000, 0x00000000c0800000|  0%| F|  |TAMS 0x00000000c0700000| PB 0x00000000c0700000| Untracked |  0
|   8|0x00000000c0800000, 0x00000000c0800000, 0x00000000c0900000|  0%| F|  |TAMS 0x00000000c0800000| PB 0x00000000c0800000| Untracked |  0
|   9|0x00000000c0900000, 0x00000000c0900000, 0x00000000c0a00000|  0%| F|  |TAMS 0x00000000c0900000| PB 0x00000000c0900000| Untracked |  0
|  10|0x00000000c0a00000, 0x00000000c0a00000, 0x00000000c0b00000|  0%| F|  |TAMS 0x00000000c0a00000| PB 0x00000000c0a00000| Untracked |  0
|  11|0x00000000c0b00000, 0x00000000c0b00000, 0x00000000c0c00000|  0%| F|  |TAMS 0x00000000c0b00000| PB 0x00000000c0b00000| Untracked |  0
|  12|0x00000000c0c00000, 0x00000000c0c00000, 0x00000000c0d00000|  0%| F|  |TAMS 0x00000000c0c00000| PB 0x00000000c0c00000| Untracked |  0
|  13|0x00000000c0d00000, 0x00000000c0d00000, 0x00000000c0e00000|  0%| F|  |TAMS 0x00000000c0d00000| PB 0x00000000c0d00000| Untracked |  0
|  14|0x00000000c0e00000, 0x00000000c0e00000, 0x00000000c0f00000|  0%| F|  |TAMS 0x00000000c0e00000| PB 0x00000000c0e00000| Untracked |  0
|  15|0x00000000c0f00000, 0x00000000c0f00000, 0x00000000c1000000|  0%| F|  |TAMS 0x00000000c0f00000| PB 0x00000000c0f00000| Untracked |  0
|  16|0x00000000c1000000, 0x00000000c1000000, 0x00000000c1100000|  0%| F|  |TAMS 0x00000000c1000000| PB 0x00000000c1000000| Untracked |  0
|  17|0x00000000c1100000, 0x00000000c1100000, 0x00000000c1200000|  0%| F|  |TAMS 0x00000000c1100000| PB 0x00000000c1100000| Untracked |  0
|  18|0x00000000c1200000, 0x00000000c1200000, 0x00000000c1300000|  0%| F|  |TAMS 0x00000000c1200000| PB 0x00000000c1200000| Untracked |  0
|  19|0x00000000c1300000, 0x00000000c1300000, 0x00000000c1400000|  0%| F|  |TAMS 0x00000000c1300000| PB 0x00000000c1300000| Untracked |  0
|  20|0x00000000c1400000, 0x00000000c1400000, 0x00000000c1500000|  0%| F|  |TAMS 0x00000000c1400000| PB 0x00000000c1400000| Untracked |  0
|  21|0x00000000c1500000, 0x00000000c1500000, 0x00000000c1600000|  0%| F|  |TAMS 0x00000000c1500000| PB 0x00000000c1500000| Untracked |  0
|  22|0x00000000c1600000, 0x00000000c1600000, 0x00000000c1700000|  0%| F|  |TAMS 0x00000000c1600000| PB 0x00000000c1600000| Untracked |  0
|  23|0x00000000c1700000, 0x00000000c1700000, 0x00000000c1800000|  0%| F|  |TAMS 0x00000000c1700000| PB 0x00000000c1700000| Untracked |  0
|  24|0x00000000c1800000, 0x00000000c1800000, 0x00000000c1900000|  0%| F|  |TAMS 0x00000000c1800000| PB 0x00000000c1800000| Untracked |  0
|  25|0x00000000c1900000, 0x00000000c1900000, 0x00000000c1a00000|  0%| F|  |TAMS 0x00000000c1900000| PB 0x00000000c1900000| Untracked |  0
|  26|0x00000000c1a00000, 0x00000000c1a00000, 0x00000000c1b00000|  0%| F|  |TAMS 0x00000000c1a00000| PB 0x00000000c1a00000| Untracked |  0
|  27|0x00000000c1b00000, 0x00000000c1b00000, 0x00000000c1c00000|  0%| F|  |TAMS 0x00000000c1b00000| PB 0x00000000c1b00000| Untracked |  0
|  28|0x00000000c1c00000, 0x00000000c1c00000, 0x00000000c1d00000|  0%| F|  |TAMS 0x00000000c1c00000| PB 0x00000000c1c00000| Untracked |  0
|  29|0x00000000c1d00000, 0x00000000c1d00000, 0x00000000c1e00000|  0%| F|  |TAMS 0x00000000c1d00000| PB 0x00000000c1d00000| Untracked |  0
|  30|0x00000000c1e00000, 0x00000000c1e00000, 0x00000000c1f00000|  0%| F|  |TAMS 0x00000000c1e00000| PB 0x00000000c1e00000| Untracked |  0
|  31|0x00000000c1f00000, 0x00000000c1f00000, 0x00000000c2000000|  0%| F|  |TAMS 0x00000000c1f00000| PB 0x00000000c1f00000| Untracked |  0
|  32|0x00000000c2000000, 0x00000000c2000000, 0x00000000c2100000|  0%| F|  |TAMS 0x00000000c2000000| PB 0x00000000c2000000| Untracked |  0
|  33|0x00000000c2100000, 0x00000000c2100000, 0x00000000c2200000|  0%| F|  |TAMS 0x00000000c2100000| PB 0x00000000c2100000| Untracked |  0
|  34|0x00000000c2200000, 0x00000000c2200000, 0x00000000c2300000|  0%| F|  |TAMS 0x00000000c2200000| PB 0x00000000c2200000| Untracked |  0
|  35|0x00000000c2300000, 0x00000000c2300000, 0x00000000c2400000|  0%| F|  |TAMS 0x00000000c2300000| PB 0x00000000c2300000| Untracked |  0
|  36|0x00000000c2400000, 0x00000000c2400000, 0x00000000c2500000|  0%| F|  |TAMS 0x00000000c2400000| PB 0x00000000c2400000| Untracked |  0
|  37|0x00000000c2500000, 0x00000000c2500000, 0x00000000c2600000|  0%| F|  |TAMS 0x00000000c2500000| PB 0x00000000c2500000| Untracked |  0
|  38|0x00000000c2600000, 0x00000000c2600000, 0x00000000c2700000|  0%| F|  |TAMS 0x00000000c2600000| PB 0x00000000c2600000| Untracked |  0
|  39|0x00000000c2700000, 0x00000000c2700000, 0x00000000c2800000|  0%| F|  |TAMS 0x00000000c2700000| PB 0x00000000c2700000| Untracked |  0
|  40|0x00000000c2800000, 0x00000000c2800000, 0x00000000c2900000|  0%| F|  |TAMS 0x00000000c2800000| PB 0x00000000c2800000| Untracked |  0
|  41|0x00000000c2900000, 0x00000000c2900000, 0x00000000c2a00000|  0%| F|  |TAMS 0x00000000c2900000| PB 0x00000000c2900000| Untracked |  0
|  42|0x00000000c2a00000, 0x00000000c2a00000, 0x00000000c2b00000|  0%| F|  |TAMS 0x00000000c2a00000| PB 0x00000000c2a00000| Untracked |  0
|  43|0x00000000c2b00000, 0x00000000c2b00000, 0x00000000c2c00000|  0%| F|  |TAMS 0x00000000c2b00000| PB 0x00000000c2b00000| Untracked |  0
|  44|0x00000000c2c00000, 0x00000000c2c00000, 0x00000000c2d00000|  0%| F|  |TAMS 0x00000000c2c00000| PB 0x00000000c2c00000| Untracked |  0
|  45|0x00000000c2d00000, 0x00000000c2d00000, 0x00000000c2e00000|  0%| F|  |TAMS 0x00000000c2d00000| PB 0x00000000c2d00000| Untracked |  0
|  46|0x00000000c2e00000, 0x00000000c2e00000, 0x00000000c2f00000|  0%| F|  |TAMS 0x00000000c2e00000| PB 0x00000000c2e00000| Untracked |  0
|  47|0x00000000c2f00000, 0x00000000c2f00000, 0x00000000c3000000|  0%| F|  |TAMS 0x00000000c2f00000| PB 0x00000000c2f00000| Untracked |  0
|  48|0x00000000c3000000, 0x00000000c3000000, 0x00000000c3100000|  0%| F|  |TAMS 0x00000000c3000000| PB 0x00000000c3000000| Untracked |  0
|  49|0x00000000c3100000, 0x00000000c3100000, 0x00000000c3200000|  0%| F|  |TAMS 0x00000000c3100000| PB 0x00000000c3100000| Untracked |  0
|  50|0x00000000c3200000, 0x00000000c3200000, 0x00000000c3300000|  0%| F|  |TAMS 0x00000000c3200000| PB 0x00000000c3200000| Untracked |  0
|  51|0x00000000c3300000, 0x00000000c3300000, 0x00000000c3400000|  0%| F|  |TAMS 0x00000000c3300000| PB 0x00000000c3300000| Untracked |  0
|  52|0x00000000c3400000, 0x00000000c3400000, 0x00000000c3500000|  0%| F|  |TAMS 0x00000000c3400000| PB 0x00000000c3400000| Untracked |  0
|  53|0x00000000c3500000, 0x00000000c3500000, 0x00000000c3600000|  0%| F|  |TAMS 0x00000000c3500000| PB 0x00000000c3500000| Untracked |  0
|  54|0x00000000c3600000, 0x00000000c3600000, 0x00000000c3700000|  0%| F|  |TAMS 0x00000000c3600000| PB 0x00000000c3600000| Untracked |  0
|  55|0x00000000c3700000, 0x00000000c3700000, 0x00000000c3800000|  0%| F|  |TAMS 0x00000000c3700000| PB 0x00000000c3700000| Untracked |  0
|  56|0x00000000c3800000, 0x00000000c3800000, 0x00000000c3900000|  0%| F|  |TAMS 0x00000000c3800000| PB 0x00000000c3800000| Untracked |  0
|  57|0x00000000c3900000, 0x00000000c3900000, 0x00000000c3a00000|  0%| F|  |TAMS 0x00000000c3900000| PB 0x00000000c3900000| Untracked |  0
|  58|0x00000000c3a00000, 0x00000000c3a00000, 0x00000000c3b00000|  0%| F|  |TAMS 0x00000000c3a00000| PB 0x00000000c3a00000| Untracked |  0
|  59|0x00000000c3b00000, 0x00000000c3b00000, 0x00000000c3c00000|  0%| F|  |TAMS 0x00000000c3b00000| PB 0x00000000c3b00000| Untracked |  0
|  60|0x00000000c3c00000, 0x00000000c3c00000, 0x00000000c3d00000|  0%| F|  |TAMS 0x00000000c3c00000| PB 0x00000000c3c00000| Untracked |  0
|  61|0x00000000c3d00000, 0x00000000c3d00000, 0x00000000c3e00000|  0%| F|  |TAMS 0x00000000c3d00000| PB 0x00000000c3d00000| Untracked |  0
|  62|0x00000000c3e00000, 0x00000000c3e00000, 0x00000000c3f00000|  0%| F|  |TAMS 0x00000000c3e00000| PB 0x00000000c3e00000| Untracked |  0
|  63|0x00000000c3f00000, 0x00000000c3f00000, 0x00000000c4000000|  0%| F|  |TAMS 0x00000000c3f00000| PB 0x00000000c3f00000| Untracked |  0
|  64|0x00000000c4000000, 0x00000000c4000000, 0x00000000c4100000|  0%| F|  |TAMS 0x00000000c4000000| PB 0x00000000c4000000| Untracked |  0
|  65|0x00000000c4100000, 0x00000000c4100000, 0x00000000c4200000|  0%| F|  |TAMS 0x00000000c4100000| PB 0x00000000c4100000| Untracked |  0
|  66|0x00000000c4200000, 0x00000000c4200000, 0x00000000c4300000|  0%| F|  |TAMS 0x00000000c4200000| PB 0x00000000c4200000| Untracked |  0
|  67|0x00000000c4300000, 0x00000000c4300000, 0x00000000c4400000|  0%| F|  |TAMS 0x00000000c4300000| PB 0x00000000c4300000| Untracked |  0
|  68|0x00000000c4400000, 0x00000000c4400000, 0x00000000c4500000|  0%| F|  |TAMS 0x00000000c4400000| PB 0x00000000c4400000| Untracked |  0
|  69|0x00000000c4500000, 0x00000000c4500000, 0x00000000c4600000|  0%| F|  |TAMS 0x00000000c4500000| PB 0x00000000c4500000| Untracked |  0
|  70|0x00000000c4600000, 0x00000000c4600000, 0x00000000c4700000|  0%| F|  |TAMS 0x00000000c4600000| PB 0x00000000c4600000| Untracked |  0
|  71|0x00000000c4700000, 0x00000000c4700000, 0x00000000c4800000|  0%| F|  |TAMS 0x00000000c4700000| PB 0x00000000c4700000| Untracked |  0
|  72|0x00000000c4800000, 0x00000000c4800000, 0x00000000c4900000|  0%| F|  |TAMS 0x00000000c4800000| PB 0x00000000c4800000| Untracked |  0
|  73|0x00000000c4900000, 0x00000000c4900000, 0x00000000c4a00000|  0%| F|  |TAMS 0x00000000c4900000| PB 0x00000000c4900000| Untracked |  0
|  74|0x00000000c4a00000, 0x00000000c4a00000, 0x00000000c4b00000|  0%| F|  |TAMS 0x00000000c4a00000| PB 0x00000000c4a00000| Untracked |  0
|  75|0x00000000c4b00000, 0x00000000c4b00000, 0x00000000c4c00000|  0%| F|  |TAMS 0x00000000c4b00000| PB 0x00000000c4b00000| Untracked |  0
|  76|0x00000000c4c00000, 0x00000000c4c00000, 0x00000000c4d00000|  0%| F|  |TAMS 0x00000000c4c00000| PB 0x00000000c4c00000| Untracked |  0
|  77|0x00000000c4d00000, 0x00000000c4d00000, 0x00000000c4e00000|  0%| F|  |TAMS 0x00000000c4d00000| PB 0x00000000c4d00000| Untracked |  0
|  78|0x00000000c4e00000, 0x00000000c4e00000, 0x00000000c4f00000|  0%| F|  |TAMS 0x00000000c4e00000| PB 0x00000000c4e00000| Untracked |  0
|  79|0x00000000c4f00000, 0x00000000c4f00000, 0x00000000c5000000|  0%| F|  |TAMS 0x00000000c4f00000| PB 0x00000000c4f00000| Untracked |  0
|  80|0x00000000c5000000, 0x00000000c5000000, 0x00000000c5100000|  0%| F|  |TAMS 0x00000000c5000000| PB 0x00000000c5000000| Untracked |  0
|  81|0x00000000c5100000, 0x00000000c5100000, 0x00000000c5200000|  0%| F|  |TAMS 0x00000000c5100000| PB 0x00000000c5100000| Untracked |  0
|  82|0x00000000c5200000, 0x00000000c5200000, 0x00000000c5300000|  0%| F|  |TAMS 0x00000000c5200000| PB 0x00000000c5200000| Untracked |  0
|  83|0x00000000c5300000, 0x00000000c5300000, 0x00000000c5400000|  0%| F|  |TAMS 0x00000000c5300000| PB 0x00000000c5300000| Untracked |  0
|  84|0x00000000c5400000, 0x00000000c5400000, 0x00000000c5500000|  0%| F|  |TAMS 0x00000000c5400000| PB 0x00000000c5400000| Untracked |  0
|  85|0x00000000c5500000, 0x00000000c5500000, 0x00000000c5600000|  0%| F|  |TAMS 0x00000000c5500000| PB 0x00000000c5500000| Untracked |  0
|  86|0x00000000c5600000, 0x00000000c5600000, 0x00000000c5700000|  0%| F|  |TAMS 0x00000000c5600000| PB 0x00000000c5600000| Untracked |  0
|  87|0x00000000c5700000, 0x00000000c5700000, 0x00000000c5800000|  0%| F|  |TAMS 0x00000000c5700000| PB 0x00000000c5700000| Untracked |  0
|  88|0x00000000c5800000, 0x00000000c5800000, 0x00000000c5900000|  0%| F|  |TAMS 0x00000000c5800000| PB 0x00000000c5800000| Untracked |  0
|  89|0x00000000c5900000, 0x00000000c5900000, 0x00000000c5a00000|  0%| F|  |TAMS 0x00000000c5900000| PB 0x00000000c5900000| Untracked |  0
|  90|0x00000000c5a00000, 0x00000000c5a00000, 0x00000000c5b00000|  0%| F|  |TAMS 0x00000000c5a00000| PB 0x00000000c5a00000| Untracked |  0
|  91|0x00000000c5b00000, 0x00000000c5b00000, 0x00000000c5c00000|  0%| F|  |TAMS 0x00000000c5b00000| PB 0x00000000c5b00000| Untracked |  0
|  92|0x00000000c5c00000, 0x00000000c5c00000, 0x00000000c5d00000|  0%| F|  |TAMS 0x00000000c5c00000| PB 0x00000000c5c00000| Untracked |  0
|  93|0x00000000c5d00000, 0x00000000c5d00000, 0x00000000c5e00000|  0%| F|  |TAMS 0x00000000c5d00000| PB 0x00000000c5d00000| Untracked |  0
|  94|0x00000000c5e00000, 0x00000000c5e00000, 0x00000000c5f00000|  0%| F|  |TAMS 0x00000000c5e00000| PB 0x00000000c5e00000| Untracked |  0
|  95|0x00000000c5f00000, 0x00000000c5f00000, 0x00000000c6000000|  0%| F|  |TAMS 0x00000000c5f00000| PB 0x00000000c5f00000| Untracked |  0
|  96|0x00000000c6000000, 0x00000000c6000000, 0x00000000c6100000|  0%| F|  |TAMS 0x00000000c6000000| PB 0x00000000c6000000| Untracked |  0
|  97|0x00000000c6100000, 0x00000000c6100000, 0x00000000c6200000|  0%| F|  |TAMS 0x00000000c6100000| PB 0x00000000c6100000| Untracked |  0
|  98|0x00000000c6200000, 0x00000000c6200000, 0x00000000c6300000|  0%| F|  |TAMS 0x00000000c6200000| PB 0x00000000c6200000| Untracked |  0
|  99|0x00000000c6300000, 0x00000000c6300000, 0x00000000c6400000|  0%| F|  |TAMS 0x00000000c6300000| PB 0x00000000c6300000| Untracked |  0
| 100|0x00000000c6400000, 0x00000000c6400000, 0x00000000c6500000|  0%| F|  |TAMS 0x00000000c6400000| PB 0x00000000c6400000| Untracked |  0
| 101|0x00000000c6500000, 0x00000000c6500000, 0x00000000c6600000|  0%| F|  |TAMS 0x00000000c6500000| PB 0x00000000c6500000| Untracked |  0
| 102|0x00000000c6600000, 0x00000000c6600000, 0x00000000c6700000|  0%| F|  |TAMS 0x00000000c6600000| PB 0x00000000c6600000| Untracked |  0
| 103|0x00000000c6700000, 0x00000000c6700000, 0x00000000c6800000|  0%| F|  |TAMS 0x00000000c6700000| PB 0x00000000c6700000| Untracked |  0
| 104|0x00000000c6800000, 0x00000000c6800000, 0x00000000c6900000|  0%| F|  |TAMS 0x00000000c6800000| PB 0x00000000c6800000| Untracked |  0
| 105|0x00000000c6900000, 0x00000000c6900000, 0x00000000c6a00000|  0%| F|  |TAMS 0x00000000c6900000| PB 0x00000000c6900000| Untracked |  0
| 106|0x00000000c6a00000, 0x00000000c6a00000, 0x00000000c6b00000|  0%| F|  |TAMS 0x00000000c6a00000| PB 0x00000000c6a00000| Untracked |  0
| 107|0x00000000c6b00000, 0x00000000c6b00000, 0x00000000c6c00000|  0%| F|  |TAMS 0x00000000c6b00000| PB 0x00000000c6b00000| Untracked |  0
| 108|0x00000000c6c00000, 0x00000000c6c00000, 0x00000000c6d00000|  0%| F|  |TAMS 0x00000000c6c00000| PB 0x00000000c6c00000| Untracked |  0
| 109|0x00000000c6d00000, 0x00000000c6d00000, 0x00000000c6e00000|  0%| F|  |TAMS 0x00000000c6d00000| PB 0x00000000c6d00000| Untracked |  0
| 110|0x00000000c6e00000, 0x00000000c6e00000, 0x00000000c6f00000|  0%| F|  |TAMS 0x00000000c6e00000| PB 0x00000000c6e00000| Untracked |  0
| 111|0x00000000c6f00000, 0x00000000c6f00000, 0x00000000c7000000|  0%| F|  |TAMS 0x00000000c6f00000| PB 0x00000000c6f00000| Untracked |  0
| 112|0x00000000c7000000, 0x00000000c7000000, 0x00000000c7100000|  0%| F|  |TAMS 0x00000000c7000000| PB 0x00000000c7000000| Untracked |  0
| 113|0x00000000c7100000, 0x00000000c7100000, 0x00000000c7200000|  0%| F|  |TAMS 0x00000000c7100000| PB 0x00000000c7100000| Untracked |  0
| 114|0x00000000c7200000, 0x00000000c7200000, 0x00000000c7300000|  0%| F|  |TAMS 0x00000000c7200000| PB 0x00000000c7200000| Untracked |  0
| 115|0x00000000c7300000, 0x00000000c7300000, 0x00000000c7400000|  0%| F|  |TAMS 0x00000000c7300000| PB 0x00000000c7300000| Untracked |  0
| 116|0x00000000c7400000, 0x00000000c7400000, 0x00000000c7500000|  0%| F|  |TAMS 0x00000000c7400000| PB 0x00000000c7400000| Untracked |  0
| 117|0x00000000c7500000, 0x00000000c7500000, 0x00000000c7600000|  0%| F|  |TAMS 0x00000000c7500000| PB 0x00000000c7500000| Untracked |  0
| 118|0x00000000c7600000, 0x00000000c7600000, 0x00000000c7700000|  0%| F|  |TAMS 0x00000000c7600000| PB 0x00000000c7600000| Untracked |  0
| 119|0x00000000c7700000, 0x00000000c7700000, 0x00000000c7800000|  0%| F|  |TAMS 0x00000000c7700000| PB 0x00000000c7700000| Untracked |  0
| 120|0x00000000c7800000, 0x00000000c7800000, 0x00000000c7900000|  0%| F|  |TAMS 0x00000000c7800000| PB 0x00000000c7800000| Untracked |  0
| 121|0x00000000c7900000, 0x00000000c7900000, 0x00000000c7a00000|  0%| F|  |TAMS 0x00000000c7900000| PB 0x00000000c7900000| Untracked |  0
| 122|0x00000000c7a00000, 0x00000000c7a00000, 0x00000000c7b00000|  0%| F|  |TAMS 0x00000000c7a00000| PB 0x00000000c7a00000| Untracked |  0
| 123|0x00000000c7b00000, 0x00000000c7b00000, 0x00000000c7c00000|  0%| F|  |TAMS 0x00000000c7b00000| PB 0x00000000c7b00000| Untracked |  0
| 124|0x00000000c7c00000, 0x00000000c7c00000, 0x00000000c7d00000|  0%| F|  |TAMS 0x00000000c7c00000| PB 0x00000000c7c00000| Untracked |  0
| 125|0x00000000c7d00000, 0x00000000c7d00000, 0x00000000c7e00000|  0%| F|  |TAMS 0x00000000c7d00000| PB 0x00000000c7d00000| Untracked |  0
| 126|0x00000000c7e00000, 0x00000000c7e00000, 0x00000000c7f00000|  0%| F|  |TAMS 0x00000000c7e00000| PB 0x00000000c7e00000| Untracked |  0
| 127|0x00000000c7f00000, 0x00000000c7f00000, 0x00000000c8000000|  0%| F|  |TAMS 0x00000000c7f00000| PB 0x00000000c7f00000| Untracked |  0
| 128|0x00000000c8000000, 0x00000000c8000000, 0x00000000c8100000|  0%| F|  |TAMS 0x00000000c8000000| PB 0x00000000c8000000| Untracked |  0
| 129|0x00000000c8100000, 0x00000000c8100000, 0x00000000c8200000|  0%| F|  |TAMS 0x00000000c8100000| PB 0x00000000c8100000| Untracked |  0
| 130|0x00000000c8200000, 0x00000000c8200000, 0x00000000c8300000|  0%| F|  |TAMS 0x00000000c8200000| PB 0x00000000c8200000| Untracked |  0
| 131|0x00000000c8300000, 0x00000000c8300000, 0x00000000c8400000|  0%| F|  |TAMS 0x00000000c8300000| PB 0x00000000c8300000| Untracked |  0
| 132|0x00000000c8400000, 0x00000000c8400000, 0x00000000c8500000|  0%| F|  |TAMS 0x00000000c8400000| PB 0x00000000c8400000| Untracked |  0
| 133|0x00000000c8500000, 0x00000000c8500000, 0x00000000c8600000|  0%| F|  |TAMS 0x00000000c8500000| PB 0x00000000c8500000| Untracked |  0
| 134|0x00000000c8600000, 0x00000000c8600000, 0x00000000c8700000|  0%| F|  |TAMS 0x00000000c8600000| PB 0x00000000c8600000| Untracked |  0
| 135|0x00000000c8700000, 0x00000000c8700000, 0x00000000c8800000|  0%| F|  |TAMS 0x00000000c8700000| PB 0x00000000c8700000| Untracked |  0
| 136|0x00000000c8800000, 0x00000000c8800000, 0x00000000c8900000|  0%| F|  |TAMS 0x00000000c8800000| PB 0x00000000c8800000| Untracked |  0
| 137|0x00000000c8900000, 0x00000000c8900000, 0x00000000c8a00000|  0%| F|  |TAMS 0x00000000c8900000| PB 0x00000000c8900000| Untracked |  0
| 138|0x00000000c8a00000, 0x00000000c8a00000, 0x00000000c8b00000|  0%| F|  |TAMS 0x00000000c8a00000| PB 0x00000000c8a00000| Untracked |  0
| 139|0x00000000c8b00000, 0x00000000c8b00000, 0x00000000c8c00000|  0%| F|  |TAMS 0x00000000c8b00000| PB 0x00000000c8b00000| Untracked |  0
| 140|0x00000000c8c00000, 0x00000000c8c00000, 0x00000000c8d00000|  0%| F|  |TAMS 0x00000000c8c00000| PB 0x00000000c8c00000| Untracked |  0
| 141|0x00000000c8d00000, 0x00000000c8d00000, 0x00000000c8e00000|  0%| F|  |TAMS 0x00000000c8d00000| PB 0x00000000c8d00000| Untracked |  0
| 142|0x00000000c8e00000, 0x00000000c8e00000, 0x00000000c8f00000|  0%| F|  |TAMS 0x00000000c8e00000| PB 0x00000000c8e00000| Untracked |  0
| 143|0x00000000c8f00000, 0x00000000c8f00000, 0x00000000c9000000|  0%| F|  |TAMS 0x00000000c8f00000| PB 0x00000000c8f00000| Untracked |  0
| 144|0x00000000c9000000, 0x00000000c9000000, 0x00000000c9100000|  0%| F|  |TAMS 0x00000000c9000000| PB 0x00000000c9000000| Untracked |  0
| 145|0x00000000c9100000, 0x00000000c9100000, 0x00000000c9200000|  0%| F|  |TAMS 0x00000000c9100000| PB 0x00000000c9100000| Untracked |  0
| 146|0x00000000c9200000, 0x00000000c9200000, 0x00000000c9300000|  0%| F|  |TAMS 0x00000000c9200000| PB 0x00000000c9200000| Untracked |  0
| 147|0x00000000c9300000, 0x00000000c9300000, 0x00000000c9400000|  0%| F|  |TAMS 0x00000000c9300000| PB 0x00000000c9300000| Untracked |  0
| 148|0x00000000c9400000, 0x00000000c9400000, 0x00000000c9500000|  0%| F|  |TAMS 0x00000000c9400000| PB 0x00000000c9400000| Untracked |  0
| 149|0x00000000c9500000, 0x00000000c9500000, 0x00000000c9600000|  0%| F|  |TAMS 0x00000000c9500000| PB 0x00000000c9500000| Untracked |  0
| 150|0x00000000c9600000, 0x00000000c9600000, 0x00000000c9700000|  0%| F|  |TAMS 0x00000000c9600000| PB 0x00000000c9600000| Untracked |  0
| 151|0x00000000c9700000, 0x00000000c9700000, 0x00000000c9800000|  0%| F|  |TAMS 0x00000000c9700000| PB 0x00000000c9700000| Untracked |  0
| 152|0x00000000c9800000, 0x00000000c9800000, 0x00000000c9900000|  0%| F|  |TAMS 0x00000000c9800000| PB 0x00000000c9800000| Untracked |  0
| 153|0x00000000c9900000, 0x00000000c9900000, 0x00000000c9a00000|  0%| F|  |TAMS 0x00000000c9900000| PB 0x00000000c9900000| Untracked |  0
| 154|0x00000000c9a00000, 0x00000000c9a00000, 0x00000000c9b00000|  0%| F|  |TAMS 0x00000000c9a00000| PB 0x00000000c9a00000| Untracked |  0
| 155|0x00000000c9b00000, 0x00000000c9b00000, 0x00000000c9c00000|  0%| F|  |TAMS 0x00000000c9b00000| PB 0x00000000c9b00000| Untracked |  0
| 156|0x00000000c9c00000, 0x00000000c9c00000, 0x00000000c9d00000|  0%| F|  |TAMS 0x00000000c9c00000| PB 0x00000000c9c00000| Untracked |  0
| 157|0x00000000c9d00000, 0x00000000c9d00000, 0x00000000c9e00000|  0%| F|  |TAMS 0x00000000c9d00000| PB 0x00000000c9d00000| Untracked |  0
| 158|0x00000000c9e00000, 0x00000000c9e00000, 0x00000000c9f00000|  0%| F|  |TAMS 0x00000000c9e00000| PB 0x00000000c9e00000| Untracked |  0
| 159|0x00000000c9f00000, 0x00000000c9f00000, 0x00000000ca000000|  0%| F|  |TAMS 0x00000000c9f00000| PB 0x00000000c9f00000| Untracked |  0
| 160|0x00000000ca000000, 0x00000000ca000000, 0x00000000ca100000|  0%| F|  |TAMS 0x00000000ca000000| PB 0x00000000ca000000| Untracked |  0
| 161|0x00000000ca100000, 0x00000000ca100000, 0x00000000ca200000|  0%| F|  |TAMS 0x00000000ca100000| PB 0x00000000ca100000| Untracked |  0
| 162|0x00000000ca200000, 0x00000000ca200000, 0x00000000ca300000|  0%| F|  |TAMS 0x00000000ca200000| PB 0x00000000ca200000| Untracked |  0
| 163|0x00000000ca300000, 0x00000000ca300000, 0x00000000ca400000|  0%| F|  |TAMS 0x00000000ca300000| PB 0x00000000ca300000| Untracked |  0
| 164|0x00000000ca400000, 0x00000000ca400000, 0x00000000ca500000|  0%| F|  |TAMS 0x00000000ca400000| PB 0x00000000ca400000| Untracked |  0
| 165|0x00000000ca500000, 0x00000000ca500000, 0x00000000ca600000|  0%| F|  |TAMS 0x00000000ca500000| PB 0x00000000ca500000| Untracked |  0
| 166|0x00000000ca600000, 0x00000000ca600000, 0x00000000ca700000|  0%| F|  |TAMS 0x00000000ca600000| PB 0x00000000ca600000| Untracked |  0
| 167|0x00000000ca700000, 0x00000000ca700000, 0x00000000ca800000|  0%| F|  |TAMS 0x00000000ca700000| PB 0x00000000ca700000| Untracked |  0
| 168|0x00000000ca800000, 0x00000000ca800000, 0x00000000ca900000|  0%| F|  |TAMS 0x00000000ca800000| PB 0x00000000ca800000| Untracked |  0
| 169|0x00000000ca900000, 0x00000000ca900000, 0x00000000caa00000|  0%| F|  |TAMS 0x00000000ca900000| PB 0x00000000ca900000| Untracked |  0
| 170|0x00000000caa00000, 0x00000000caa00000, 0x00000000cab00000|  0%| F|  |TAMS 0x00000000caa00000| PB 0x00000000caa00000| Untracked |  0
| 171|0x00000000cab00000, 0x00000000cab00000, 0x00000000cac00000|  0%| F|  |TAMS 0x00000000cab00000| PB 0x00000000cab00000| Untracked |  0
| 172|0x00000000cac00000, 0x00000000cac00000, 0x00000000cad00000|  0%| F|  |TAMS 0x00000000cac00000| PB 0x00000000cac00000| Untracked |  0
| 173|0x00000000cad00000, 0x00000000cad00000, 0x00000000cae00000|  0%| F|  |TAMS 0x00000000cad00000| PB 0x00000000cad00000| Untracked |  0
| 174|0x00000000cae00000, 0x00000000cae00000, 0x00000000caf00000|  0%| F|  |TAMS 0x00000000cae00000| PB 0x00000000cae00000| Untracked |  0
| 175|0x00000000caf00000, 0x00000000caf00000, 0x00000000cb000000|  0%| F|  |TAMS 0x00000000caf00000| PB 0x00000000caf00000| Untracked |  0
| 176|0x00000000cb000000, 0x00000000cb000000, 0x00000000cb100000|  0%| F|  |TAMS 0x00000000cb000000| PB 0x00000000cb000000| Untracked |  0
| 177|0x00000000cb100000, 0x00000000cb100000, 0x00000000cb200000|  0%| F|  |TAMS 0x00000000cb100000| PB 0x00000000cb100000| Untracked |  0
| 178|0x00000000cb200000, 0x00000000cb200000, 0x00000000cb300000|  0%| F|  |TAMS 0x00000000cb200000| PB 0x00000000cb200000| Untracked |  0
| 179|0x00000000cb300000, 0x00000000cb300000, 0x00000000cb400000|  0%| F|  |TAMS 0x00000000cb300000| PB 0x00000000cb300000| Untracked |  0
| 180|0x00000000cb400000, 0x00000000cb400000, 0x00000000cb500000|  0%| F|  |TAMS 0x00000000cb400000| PB 0x00000000cb400000| Untracked |  0
| 181|0x00000000cb500000, 0x00000000cb500000, 0x00000000cb600000|  0%| F|  |TAMS 0x00000000cb500000| PB 0x00000000cb500000| Untracked |  0
| 182|0x00000000cb600000, 0x00000000cb600000, 0x00000000cb700000|  0%| F|  |TAMS 0x00000000cb600000| PB 0x00000000cb600000| Untracked |  0
| 183|0x00000000cb700000, 0x00000000cb700000, 0x00000000cb800000|  0%| F|  |TAMS 0x00000000cb700000| PB 0x00000000cb700000| Untracked |  0
| 184|0x00000000cb800000, 0x00000000cb800000, 0x00000000cb900000|  0%| F|  |TAMS 0x00000000cb800000| PB 0x00000000cb800000| Untracked |  0
| 185|0x00000000cb900000, 0x00000000cb900000, 0x00000000cba00000|  0%| F|  |TAMS 0x00000000cb900000| PB 0x00000000cb900000| Untracked |  0
| 186|0x00000000cba00000, 0x00000000cba00000, 0x00000000cbb00000|  0%| F|  |TAMS 0x00000000cba00000| PB 0x00000000cba00000| Untracked |  0
| 187|0x00000000cbb00000, 0x00000000cbb00000, 0x00000000cbc00000|  0%| F|  |TAMS 0x00000000cbb00000| PB 0x00000000cbb00000| Untracked |  0
| 188|0x00000000cbc00000, 0x00000000cbc00000, 0x00000000cbd00000|  0%| F|  |TAMS 0x00000000cbc00000| PB 0x00000000cbc00000| Untracked |  0
| 189|0x00000000cbd00000, 0x00000000cbd00000, 0x00000000cbe00000|  0%| F|  |TAMS 0x00000000cbd00000| PB 0x00000000cbd00000| Untracked |  0
| 190|0x00000000cbe00000, 0x00000000cbe00000, 0x00000000cbf00000|  0%| F|  |TAMS 0x00000000cbe00000| PB 0x00000000cbe00000| Untracked |  0
| 191|0x00000000cbf00000, 0x00000000cbf00000, 0x00000000cc000000|  0%| F|  |TAMS 0x00000000cbf00000| PB 0x00000000cbf00000| Untracked |  0
| 192|0x00000000cc000000, 0x00000000cc000000, 0x00000000cc100000|  0%| F|  |TAMS 0x00000000cc000000| PB 0x00000000cc000000| Untracked |  0
| 193|0x00000000cc100000, 0x00000000cc100000, 0x00000000cc200000|  0%| F|  |TAMS 0x00000000cc100000| PB 0x00000000cc100000| Untracked |  0
| 194|0x00000000cc200000, 0x00000000cc200000, 0x00000000cc300000|  0%| F|  |TAMS 0x00000000cc200000| PB 0x00000000cc200000| Untracked |  0
| 195|0x00000000cc300000, 0x00000000cc300000, 0x00000000cc400000|  0%| F|  |TAMS 0x00000000cc300000| PB 0x00000000cc300000| Untracked |  0
| 196|0x00000000cc400000, 0x00000000cc400000, 0x00000000cc500000|  0%| F|  |TAMS 0x00000000cc400000| PB 0x00000000cc400000| Untracked |  0
| 197|0x00000000cc500000, 0x00000000cc500000, 0x00000000cc600000|  0%| F|  |TAMS 0x00000000cc500000| PB 0x00000000cc500000| Untracked |  0
| 198|0x00000000cc600000, 0x00000000cc600000, 0x00000000cc700000|  0%| F|  |TAMS 0x00000000cc600000| PB 0x00000000cc600000| Untracked |  0
| 199|0x00000000cc700000, 0x00000000cc700000, 0x00000000cc800000|  0%| F|  |TAMS 0x00000000cc700000| PB 0x00000000cc700000| Untracked |  0
| 200|0x00000000cc800000, 0x00000000cc800000, 0x00000000cc900000|  0%| F|  |TAMS 0x00000000cc800000| PB 0x00000000cc800000| Untracked |  0
| 201|0x00000000cc900000, 0x00000000cc900000, 0x00000000cca00000|  0%| F|  |TAMS 0x00000000cc900000| PB 0x00000000cc900000| Untracked |  0
| 202|0x00000000cca00000, 0x00000000cca00000, 0x00000000ccb00000|  0%| F|  |TAMS 0x00000000cca00000| PB 0x00000000cca00000| Untracked |  0
| 203|0x00000000ccb00000, 0x00000000ccb00000, 0x00000000ccc00000|  0%| F|  |TAMS 0x00000000ccb00000| PB 0x00000000ccb00000| Untracked |  0
| 204|0x00000000ccc00000, 0x00000000ccc00000, 0x00000000ccd00000|  0%| F|  |TAMS 0x00000000ccc00000| PB 0x00000000ccc00000| Untracked |  0
| 205|0x00000000ccd00000, 0x00000000ccd00000, 0x00000000cce00000|  0%| F|  |TAMS 0x00000000ccd00000| PB 0x00000000ccd00000| Untracked |  0
| 206|0x00000000cce00000, 0x00000000cce00000, 0x00000000ccf00000|  0%| F|  |TAMS 0x00000000cce00000| PB 0x00000000cce00000| Untracked |  0
| 207|0x00000000ccf00000, 0x00000000ccf00000, 0x00000000cd000000|  0%| F|  |TAMS 0x00000000ccf00000| PB 0x00000000ccf00000| Untracked |  0
| 208|0x00000000cd000000, 0x00000000cd000000, 0x00000000cd100000|  0%| F|  |TAMS 0x00000000cd000000| PB 0x00000000cd000000| Untracked |  0
| 209|0x00000000cd100000, 0x00000000cd100000, 0x00000000cd200000|  0%| F|  |TAMS 0x00000000cd100000| PB 0x00000000cd100000| Untracked |  0
| 210|0x00000000cd200000, 0x00000000cd200000, 0x00000000cd300000|  0%| F|  |TAMS 0x00000000cd200000| PB 0x00000000cd200000| Untracked |  0
| 211|0x00000000cd300000, 0x00000000cd300000, 0x00000000cd400000|  0%| F|  |TAMS 0x00000000cd300000| PB 0x00000000cd300000| Untracked |  0
| 212|0x00000000cd400000, 0x00000000cd400000, 0x00000000cd500000|  0%| F|  |TAMS 0x00000000cd400000| PB 0x00000000cd400000| Untracked |  0
| 213|0x00000000cd500000, 0x00000000cd500000, 0x00000000cd600000|  0%| F|  |TAMS 0x00000000cd500000| PB 0x00000000cd500000| Untracked |  0
| 214|0x00000000cd600000, 0x00000000cd600000, 0x00000000cd700000|  0%| F|  |TAMS 0x00000000cd600000| PB 0x00000000cd600000| Untracked |  0
| 215|0x00000000cd700000, 0x00000000cd700000, 0x00000000cd800000|  0%| F|  |TAMS 0x00000000cd700000| PB 0x00000000cd700000| Untracked |  0
| 216|0x00000000cd800000, 0x00000000cd800000, 0x00000000cd900000|  0%| F|  |TAMS 0x00000000cd800000| PB 0x00000000cd800000| Untracked |  0
| 217|0x00000000cd900000, 0x00000000cd900000, 0x00000000cda00000|  0%| F|  |TAMS 0x00000000cd900000| PB 0x00000000cd900000| Untracked |  0
| 218|0x00000000cda00000, 0x00000000cda00000, 0x00000000cdb00000|  0%| F|  |TAMS 0x00000000cda00000| PB 0x00000000cda00000| Untracked |  0
| 219|0x00000000cdb00000, 0x00000000cdb00000, 0x00000000cdc00000|  0%| F|  |TAMS 0x00000000cdb00000| PB 0x00000000cdb00000| Untracked |  0
| 220|0x00000000cdc00000, 0x00000000cdc00000, 0x00000000cdd00000|  0%| F|  |TAMS 0x00000000cdc00000| PB 0x00000000cdc00000| Untracked |  0
| 221|0x00000000cdd00000, 0x00000000cdd00000, 0x00000000cde00000|  0%| F|  |TAMS 0x00000000cdd00000| PB 0x00000000cdd00000| Untracked |  0
| 222|0x00000000cde00000, 0x00000000cde00000, 0x00000000cdf00000|  0%| F|  |TAMS 0x00000000cde00000| PB 0x00000000cde00000| Untracked |  0
| 223|0x00000000cdf00000, 0x00000000cdf00000, 0x00000000ce000000|  0%| F|  |TAMS 0x00000000cdf00000| PB 0x00000000cdf00000| Untracked |  0
| 224|0x00000000ce000000, 0x00000000ce000000, 0x00000000ce100000|  0%| F|  |TAMS 0x00000000ce000000| PB 0x00000000ce000000| Untracked |  0
| 225|0x00000000ce100000, 0x00000000ce100000, 0x00000000ce200000|  0%| F|  |TAMS 0x00000000ce100000| PB 0x00000000ce100000| Untracked |  0
| 226|0x00000000ce200000, 0x00000000ce200000, 0x00000000ce300000|  0%| F|  |TAMS 0x00000000ce200000| PB 0x00000000ce200000| Untracked |  0
| 227|0x00000000ce300000, 0x00000000ce300000, 0x00000000ce400000|  0%| F|  |TAMS 0x00000000ce300000| PB 0x00000000ce300000| Untracked |  0
| 228|0x00000000ce400000, 0x00000000ce400000, 0x00000000ce500000|  0%| F|  |TAMS 0x00000000ce400000| PB 0x00000000ce400000| Untracked |  0
| 229|0x00000000ce500000, 0x00000000ce500000, 0x00000000ce600000|  0%| F|  |TAMS 0x00000000ce500000| PB 0x00000000ce500000| Untracked |  0
| 230|0x00000000ce600000, 0x00000000ce600000, 0x00000000ce700000|  0%| F|  |TAMS 0x00000000ce600000| PB 0x00000000ce600000| Untracked |  0
| 231|0x00000000ce700000, 0x00000000ce700000, 0x00000000ce800000|  0%| F|  |TAMS 0x00000000ce700000| PB 0x00000000ce700000| Untracked |  0
| 232|0x00000000ce800000, 0x00000000ce880000, 0x00000000ce900000| 50%| E|  |TAMS 0x00000000ce800000| PB 0x00000000ce800000| Complete |  0
| 233|0x00000000ce900000, 0x00000000cea00000, 0x00000000cea00000|100%| E|CS|TAMS 0x00000000ce900000| PB 0x00000000ce900000| Complete |  0
| 234|0x00000000cea00000, 0x00000000ceb00000, 0x00000000ceb00000|100%| E|CS|TAMS 0x00000000cea00000| PB 0x00000000cea00000| Complete |  0
| 235|0x00000000ceb00000, 0x00000000cec00000, 0x00000000cec00000|100%| E|CS|TAMS 0x00000000ceb00000| PB 0x00000000ceb00000| Complete |  0
| 236|0x00000000cec00000, 0x00000000ced00000, 0x00000000ced00000|100%| E|CS|TAMS 0x00000000cec00000| PB 0x00000000cec00000| Complete |  0
| 237|0x00000000ced00000, 0x00000000cee00000, 0x00000000cee00000|100%| E|CS|TAMS 0x00000000ced00000| PB 0x00000000ced00000| Complete |  0
| 238|0x00000000cee00000, 0x00000000cef00000, 0x00000000cef00000|100%| E|CS|TAMS 0x00000000cee00000| PB 0x00000000cee00000| Complete |  0
| 239|0x00000000cef00000, 0x00000000cf000000, 0x00000000cf000000|100%| E|CS|TAMS 0x00000000cef00000| PB 0x00000000cef00000| Complete |  0
| 240|0x00000000cf000000, 0x00000000cf100000, 0x00000000cf100000|100%| E|CS|TAMS 0x00000000cf000000| PB 0x00000000cf000000| Complete |  0
| 241|0x00000000cf100000, 0x00000000cf200000, 0x00000000cf200000|100%| E|CS|TAMS 0x00000000cf100000| PB 0x00000000cf100000| Complete |  0
| 242|0x00000000cf200000, 0x00000000cf300000, 0x00000000cf300000|100%| E|CS|TAMS 0x00000000cf200000| PB 0x00000000cf200000| Complete |  0
| 243|0x00000000cf300000, 0x00000000cf400000, 0x00000000cf400000|100%| E|CS|TAMS 0x00000000cf300000| PB 0x00000000cf300000| Complete |  0
| 244|0x00000000cf400000, 0x00000000cf500000, 0x00000000cf500000|100%| E|CS|TAMS 0x00000000cf400000| PB 0x00000000cf400000| Complete |  0
| 245|0x00000000cf500000, 0x00000000cf600000, 0x00000000cf600000|100%| E|CS|TAMS 0x00000000cf500000| PB 0x00000000cf500000| Complete |  0
| 246|0x00000000cf600000, 0x00000000cf700000, 0x00000000cf700000|100%| E|CS|TAMS 0x00000000cf600000| PB 0x00000000cf600000| Complete |  0
| 247|0x00000000cf700000, 0x00000000cf800000, 0x00000000cf800000|100%| E|CS|TAMS 0x00000000cf700000| PB 0x00000000cf700000| Complete |  0
| 248|0x00000000cf800000, 0x00000000cf900000, 0x00000000cf900000|100%| E|CS|TAMS 0x00000000cf800000| PB 0x00000000cf800000| Complete |  0
| 249|0x00000000cf900000, 0x00000000cfa00000, 0x00000000cfa00000|100%| E|CS|TAMS 0x00000000cf900000| PB 0x00000000cf900000| Complete |  0
| 250|0x00000000cfa00000, 0x00000000cfb00000, 0x00000000cfb00000|100%| E|CS|TAMS 0x00000000cfa00000| PB 0x00000000cfa00000| Complete |  0
| 251|0x00000000cfb00000, 0x00000000cfc00000, 0x00000000cfc00000|100%| E|CS|TAMS 0x00000000cfb00000| PB 0x00000000cfb00000| Complete |  0
| 252|0x00000000cfc00000, 0x00000000cfd00000, 0x00000000cfd00000|100%| E|CS|TAMS 0x00000000cfc00000| PB 0x00000000cfc00000| Complete |  0
| 253|0x00000000cfd00000, 0x00000000cfe00000, 0x00000000cfe00000|100%| E|CS|TAMS 0x00000000cfd00000| PB 0x00000000cfd00000| Complete |  0
| 254|0x00000000cfe00000, 0x00000000cff00000, 0x00000000cff00000|100%| E|CS|TAMS 0x00000000cfe00000| PB 0x00000000cfe00000| Complete |  0
| 255|0x00000000cff00000, 0x00000000d0000000, 0x00000000d0000000|100%| E|CS|TAMS 0x00000000cff00000| PB 0x00000000cff00000| Complete |  0
|1022|0x00000000ffe00000, 0x00000000fff00000, 0x00000000fff00000|100%| O|  |TAMS 0x00000000ffe00000| PB 0x00000000ffe00000| Untracked |  0
|1023|0x00000000fff00000, 0x00000000fff1d1c0, 0x0000000100000000| 11%| O|  |TAMS 0x00000000fff00000| PB 0x00000000fff00000| Untracked |  0

Card table byte_map: [0x00000218bd7a0000,0x00000218bd9a0000] _byte_map_base: 0x00000218bd1a0000

Marking Bits: (CMBitMap*) 0x00000218a375a690
 Bits: [0x00000218bd9a0000, 0x00000218be9a0000)

Polling page: 0x00000218a34b0000

Metaspace:

Usage:
  Non-class:      5.07 MB used.
      Class:    522.63 KB used.
       Both:      5.58 MB used.

Virtual space:
  Non-class space:       64.00 MB reserved,       5.19 MB (  8%) committed,  1 nodes.
      Class space:        1.00 GB reserved,     576.00 KB ( <1%) committed,  1 nodes.
             Both:        1.06 GB reserved,       5.75 MB ( <1%) committed. 

Chunk freelists:
   Non-Class:  9.11 MB
       Class:  15.39 MB
        Both:  24.50 MB

MaxMetaspaceSize: unlimited
CompressedClassSpaceSize: 1.00 GB
Initial GC threshold: 21.00 MB
Current GC threshold: 21.00 MB
CDS: on
 - commit_granule_bytes: 65536.
 - commit_granule_words: 8192.
 - virtual_space_node_default_size: 8388608.
 - enlarge_chunks_in_place: 1.
UseCompressedClassPointers 1, UseCompactObjectHeaders 0
Narrow klass pointer bits 32, Max shift 3
Narrow klass base: 0x00000218c2000000, Narrow klass shift: 0
Encoding Range: [0x00000218c2000000 - 0x00000219c2000000), (4294967296 bytes)
Klass Range:    [0x00000218c2000000 - 0x0000021903000000), (1090519040 bytes)
Klass ID Range:  [8 - 1090519033) (1090519025)


Internal statistics:

num_allocs_failed_limit: 0.
num_arena_births: 64.
num_arena_deaths: 0.
num_vsnodes_births: 2.
num_vsnodes_deaths: 0.
num_space_committed: 92.
num_space_uncommitted: 0.
num_chunks_returned_to_freelist: 0.
num_chunks_taken_from_freelist: 226.
num_chunk_merges: 0.
num_chunk_splits: 142.
num_chunks_enlarged: 114.
num_inconsistent_stats: 0.

CodeHeap 'non-profiled nmethods': size=119232Kb used=335Kb max_used=335Kb free=118896Kb
 bounds [0x00000218b5160000, 0x00000218b53d0000, 0x00000218bc5d0000]
CodeHeap 'profiled nmethods': size=119104Kb used=2162Kb max_used=2162Kb free=116941Kb
 bounds [0x00000218ad5d0000, 0x00000218ad840000, 0x00000218b4a20000]
CodeHeap 'non-nmethods': size=7424Kb used=2525Kb max_used=3116Kb free=4898Kb
 bounds [0x00000218b4a20000, 0x00000218b4d30000, 0x00000218b5160000]
CodeCache: size=245760Kb, used=5022Kb, max_used=5613Kb, free=240735Kb
 total_blobs=1802, nmethods=1342, adapters=363, full_count=0
Compilation: enabled, stopped_count=0, restarted_count=0

Compilation events (20 events):
Event: 0.513 Thread 0x00000218c19d12a0 1254       1       java.util.Collections$EmptyMap::get (2 bytes)
Event: 0.513 Thread 0x00000218c19d12a0 nmethod 1254 0x00000218b51afb08 code [0x00000218b51afc20, 0x00000218b51afcf0]
Event: 0.513 Thread 0x00000218c1bca900 nmethod 1253 0x00000218ad7bd708 code [0x00000218ad7bd840, 0x00000218ad7bdb58]
Event: 0.513 Thread 0x00000218c1ba12f0 nmethod 1252 0x00000218ad7bdb88 code [0x00000218ad7bdce0, 0x00000218ad7be140]
Event: 0.514 Thread 0x00000218c1bca900 1255       3       com.google.inject.internal.DeclaredMembers$$Lambda/0x00000218c30853e0::apply (8 bytes)
Event: 0.514 Thread 0x00000218c1bca900 nmethod 1255 0x00000218ad7be188 code [0x00000218ad7be2a0, 0x00000218ad7be520]
Event: 0.514 Thread 0x00000218c1bbd440 1256       1       java.lang.reflect.Method::getRoot (5 bytes)
Event: 0.514 Thread 0x00000218c1ba12f0 1257       3       java.lang.ModuleLayer::boot (4 bytes)
Event: 0.514 Thread 0x00000218c1bbd440 nmethod 1256 0x00000218b51afe08 code [0x00000218b51aff00, 0x00000218b51affc8]
Event: 0.514 Thread 0x00000218c1bbd440 1258       3       java.lang.StackTraceElement::<init> (10 bytes)
Event: 0.514 Thread 0x00000218c1ba12f0 nmethod 1257 0x00000218ad7be588 code [0x00000218ad7be6a0, 0x00000218ad7be798]
Event: 0.514 Thread 0x00000218c1bca900 1259  s!   3       java.lang.StackTraceElement::computeFormat (71 bytes)
Event: 0.514 Thread 0x00000218c19d12a0 1260       3       java.lang.StackTraceElement::isHashedInJavaBase (31 bytes)
Event: 0.514 Thread 0x00000218c1bbd440 nmethod 1258 0x00000218ad7be888 code [0x00000218ad7be9a0, 0x00000218ad7beb08]
Event: 0.514 Thread 0x00000218c1ba12f0 1261       3       java.lang.Module::getLayer (43 bytes)
Event: 0.514 Thread 0x00000218c1bbd440 1262       3       java.lang.invoke.Invokers$Holder::linkToTargetMethod (8 bytes)
Event: 0.514 Thread 0x00000218c1ba12f0 nmethod 1261 0x00000218ad7beb88 code [0x00000218ad7bece0, 0x00000218ad7bf158]
Event: 0.514 Thread 0x00000218c19d12a0 nmethod 1260 0x00000218ad7bf188 code [0x00000218ad7bf2e0, 0x00000218ad7bf860]
Event: 0.514 Thread 0x00000218c1ba12f0 1263       3       java.lang.invoke.LambdaForm$MH/0x00000218c3004800::invoke (8 bytes)
Event: 0.514 Thread 0x00000218c1bbd440 nmethod 1262 0x00000218ad7bf908 code [0x00000218ad7bfa40, 0x00000218ad7bfd98]

GC Heap History (0 events):
No events

Dll operation events (8 events):
Event: 0.006 Loaded shared library C:\Program Files\Java\jdk-24\bin\java.dll
Event: 0.028 Loaded shared library C:\Program Files\Java\jdk-24\bin\jsvml.dll
Event: 0.040 Loaded shared library C:\Program Files\Java\jdk-24\bin\net.dll
Event: 0.041 Loaded shared library C:\Program Files\Java\jdk-24\bin\nio.dll
Event: 0.044 Loaded shared library C:\Program Files\Java\jdk-24\bin\zip.dll
Event: 0.139 Loaded shared library C:\Program Files\Java\jdk-24\bin\jimage.dll
Event: 0.140 Loaded shared library C:\Program Files\Apache\maven\apache-maven-3.9.11\lib\jansi-native\Windows\x86_64\jansi.dll
Event: 0.157 Loaded shared library C:\Program Files\Java\jdk-24\bin\verify.dll

Deoptimization events (20 events):
Event: 0.332 Thread 0x00000218a3145b90 Uncommon trap: trap_request=0xffffff4d fr.pc=0x00000218b51717c4 relative=0x0000000000000484
Event: 0.332 Thread 0x00000218a3145b90 Uncommon trap: reason=unstable_if action=reinterpret pc=0x00000218b51717c4 method=java.lang.StringLatin1.canEncode(C)Z @ 4 c2
Event: 0.332 Thread 0x00000218a3145b90 DEOPT PACKING pc=0x00000218b51717c4 sp=0x000000c9890fe0d0
Event: 0.332 Thread 0x00000218a3145b90 DEOPT UNPACKING pc=0x00000218b4b48582 sp=0x000000c9890fe000 mode 2
Event: 0.332 Thread 0x00000218a3145b90 Uncommon trap: trap_request=0xffffff4d fr.pc=0x00000218b5172010 relative=0x0000000000000450
Event: 0.332 Thread 0x00000218a3145b90 Uncommon trap: reason=unstable_if action=reinterpret pc=0x00000218b5172010 method=java.lang.AbstractStringBuilder.isLatin1()Z @ 10 c2
Event: 0.332 Thread 0x00000218a3145b90 DEOPT PACKING pc=0x00000218b5172010 sp=0x000000c9890fe0f0
Event: 0.332 Thread 0x00000218a3145b90 DEOPT UNPACKING pc=0x00000218b4b48582 sp=0x000000c9890fe080 mode 2
Event: 0.332 Thread 0x00000218a3145b90 Uncommon trap: trap_request=0xffffff4d fr.pc=0x00000218b5171058 relative=0x0000000000000058
Event: 0.332 Thread 0x00000218a3145b90 Uncommon trap: reason=unstable_if action=reinterpret pc=0x00000218b5171058 method=java.lang.AbstractStringBuilder.isLatin1()Z @ 10 c2
Event: 0.332 Thread 0x00000218a3145b90 DEOPT PACKING pc=0x00000218b5171058 sp=0x000000c9890fe0f0
Event: 0.332 Thread 0x00000218a3145b90 DEOPT UNPACKING pc=0x00000218b4b48582 sp=0x000000c9890fe080 mode 2
Event: 0.336 Thread 0x00000218a3145b90 DEOPT PACKING pc=0x00000218ad620df9 sp=0x000000c9890fda00
Event: 0.336 Thread 0x00000218a3145b90 DEOPT UNPACKING pc=0x00000218b4a76642 sp=0x000000c9890fce50 mode 0
Event: 0.393 Thread 0x00000218a3145b90 DEOPT PACKING pc=0x00000218ad5eac19 sp=0x000000c9890fc620
Event: 0.393 Thread 0x00000218a3145b90 DEOPT UNPACKING pc=0x00000218b4a76642 sp=0x000000c9890fba98 mode 0
Event: 0.510 Thread 0x00000218a3145b90 Uncommon trap: trap_request=0xffffffc6 fr.pc=0x00000218b51a1b18 relative=0x00000000000003b8
Event: 0.510 Thread 0x00000218a3145b90 Uncommon trap: reason=bimorphic_or_optimized_type_check action=maybe_recompile pc=0x00000218b51a1b18 method=java.util.concurrent.ConcurrentHashMap.get(Ljava/lang/Object;)Ljava/lang/Object; @ 149 c2
Event: 0.510 Thread 0x00000218a3145b90 DEOPT PACKING pc=0x00000218b51a1b18 sp=0x000000c9890fd560
Event: 0.510 Thread 0x00000218a3145b90 DEOPT UNPACKING pc=0x00000218b4b48582 sp=0x000000c9890fd4e0 mode 2

Classes loaded (20 events):
Event: 0.485 Loading class jdk/internal/classfile/impl/StackMapDecoder$1
Event: 0.485 Loading class jdk/internal/classfile/impl/StackMapDecoder$1 done
Event: 0.488 Loading class java/lang/reflect/UndeclaredThrowableException
Event: 0.488 Loading class java/lang/reflect/UndeclaredThrowableException done
Event: 0.490 Loading class java/lang/annotation/Target
Event: 0.490 Loading class java/lang/annotation/Target done
Event: 0.490 Loading class java/lang/annotation/ElementType
Event: 0.490 Loading class java/lang/annotation/ElementType done
Event: 0.490 Loading class java/lang/annotation/Documented
Event: 0.490 Loading class java/lang/annotation/Documented done
Event: 0.500 Loading class java/util/concurrent/TimeoutException
Event: 0.500 Loading class java/util/concurrent/TimeoutException done
Event: 0.500 Loading class java/util/concurrent/CancellationException
Event: 0.500 Loading class java/util/concurrent/CancellationException done
Event: 0.504 Loading class java/lang/reflect/ParameterizedType
Event: 0.504 Loading class java/lang/reflect/ParameterizedType done
Event: 0.506 Loading class java/lang/reflect/WildcardType
Event: 0.506 Loading class java/lang/reflect/WildcardType done
Event: 0.508 Loading class sun/reflect/generics/tree/TypeVariableSignature
Event: 0.508 Loading class sun/reflect/generics/tree/TypeVariableSignature done

Classes unloaded (0 events):
No events

Classes redefined (0 events):
No events

Internal exceptions (20 events):
Event: 0.150 Thread 0x00000218a3145b90 Exception <a 'java/lang/NullPointerException'{0x00000000cfa709f0}> (0x00000000cfa709f0) 
thrown [s\open\src\hotspot\share\interpreter\linkResolver.cpp, line 1417]
Event: 0.151 Thread 0x00000218a3145b90 Exception <a 'java/lang/NullPointerException'{0x00000000cf982070}> (0x00000000cf982070) 
thrown [s\open\src\hotspot\share\interpreter\linkResolver.cpp, line 1417]
Event: 0.151 Thread 0x00000218a3145b90 Exception <a 'java/lang/NullPointerException'{0x00000000cf982350}> (0x00000000cf982350) 
thrown [s\open\src\hotspot\share\interpreter\linkResolver.cpp, line 1417]
Event: 0.151 Thread 0x00000218a3145b90 Exception <a 'java/lang/NullPointerException'{0x00000000cf982630}> (0x00000000cf982630) 
thrown [s\open\src\hotspot\share\interpreter\linkResolver.cpp, line 1417]
Event: 0.151 Thread 0x00000218a3145b90 Exception <a 'java/lang/NullPointerException'{0x00000000cf982910}> (0x00000000cf982910) 
thrown [s\open\src\hotspot\share\interpreter\linkResolver.cpp, line 1417]
Event: 0.155 Thread 0x00000218a3145b90 Exception <a 'sun/nio/fs/WindowsException'{0x00000000cf9a52a0}> (0x00000000cf9a52a0) 
thrown [s\open\src\hotspot\share\prims\jni.cpp, line 518]
Event: 0.155 Thread 0x00000218a3145b90 Exception <a 'sun/nio/fs/WindowsException'{0x00000000cf9a5840}> (0x00000000cf9a5840) 
thrown [s\open\src\hotspot\share\prims\jni.cpp, line 518]
Event: 0.156 Thread 0x00000218a3145b90 Exception <a 'sun/nio/fs/WindowsException'{0x00000000cf9a5d98}> (0x00000000cf9a5d98) 
thrown [s\open\src\hotspot\share\prims\jni.cpp, line 518]
Event: 0.156 Thread 0x00000218a3145b90 Exception <a 'sun/nio/fs/WindowsException'{0x00000000cf9a62a0}> (0x00000000cf9a62a0) 
thrown [s\open\src\hotspot\share\prims\jni.cpp, line 518]
Event: 0.156 Thread 0x00000218a3145b90 Exception <a 'sun/nio/fs/WindowsException'{0x00000000cf9a6760}> (0x00000000cf9a6760) 
thrown [s\open\src\hotspot\share\prims\jni.cpp, line 518]
Event: 0.214 Thread 0x00000218a3145b90 Exception <a 'java/lang/NoSuchMethodError'{0x00000000cf9e8268}: 'void java.lang.invoke.DirectMethodHandle$Holder.invokeStatic(java.lang.Object, java.lang.Object)'> (0x00000000cf9e8268) 
thrown [s\open\src\hotspot\share\interpreter\linkResolver.cpp, line 805]
Event: 0.214 Thread 0x00000218a3145b90 Exception <a 'java/lang/NoSuchMethodError'{0x00000000cf9effd8}: 'void java.lang.invoke.DirectMethodHandle$Holder.invokeStaticInit(java.lang.Object, java.lang.Object)'> (0x00000000cf9effd8) 
thrown [s\open\src\hotspot\share\interpreter\linkResolver.cpp, line 805]
Event: 0.224 Thread 0x00000218a3145b90 Exception <a 'java/lang/NoSuchMethodError'{0x00000000cf82ab70}: 'void java.lang.invoke.DirectMethodHandle$Holder.invokeStatic(java.lang.Object, java.lang.Object, java.lang.Object)'> (0x00000000cf82ab70) 
thrown [s\open\src\hotspot\share\interpreter\linkResolver.cpp, line 805]
Event: 0.275 Thread 0x00000218a3145b90 Exception <a 'java/lang/NoSuchMethodError'{0x00000000cf646348}: 'java.lang.Object java.lang.invoke.DirectMethodHandle$Holder.invokeSpecialIFC(java.lang.Object, java.lang.Object, java.lang.Object, java.lang.Object)'> (0x00000000cf646348) 
thrown [s\open\src\hotspot\share\interpreter\linkResolver.cpp, line 805]
Event: 0.420 Thread 0x00000218a3145b90 Exception <a 'java/lang/NoSuchMethodError'{0x00000000cf141858}: 'void java.lang.invoke.DirectMethodHandle$Holder.invokeSpecial(java.lang.Object, java.lang.Object, java.lang.Object)'> (0x00000000cf141858) 
thrown [s\open\src\hotspot\share\interpreter\linkResolver.cpp, line 805]
Event: 0.440 Thread 0x00000218a3145b90 Exception <a 'java/lang/NoSuchMethodError'{0x00000000cf05ce38}: 'java.lang.Object java.lang.invoke.DirectMethodHandle$Holder.invokeInterface(java.lang.Object, java.lang.Object)'> (0x00000000cf05ce38) 
thrown [s\open\src\hotspot\share\interpreter\linkResolver.cpp, line 805]
Event: 0.451 Thread 0x00000218a3145b90 Exception <a 'java/lang/NoSuchMethodError'{0x00000000cef07ef8}: 'int java.lang.invoke.DirectMethodHandle$Holder.invokeStatic(java.lang.Object, java.lang.Object, java.lang.Object, java.lang.Object)'> (0x00000000cef07ef8) 
thrown [s\open\src\hotspot\share\interpreter\linkResolver.cpp, line 805]
Event: 0.455 Thread 0x00000218a3145b90 Exception <a 'java/lang/NoSuchMethodError'{0x00000000cef31ae0}: 'int java.lang.invoke.DirectMethodHandle$Holder.invokeSpecialIFC(java.lang.Object, java.lang.Object, java.lang.Object, java.lang.Object, java.lang.Object)'> (0x00000000cef31ae0) 
thrown [s\open\src\hotspot\share\interpreter\linkResolver.cpp, line 805]
Event: 0.491 Thread 0x00000218a3145b90 Exception <a 'java/lang/NoSuchMethodError'{0x00000000ceefc9d8}: 'java.lang.Object java.lang.invoke.DirectMethodHandle$Holder.newInvokeSpecial(java.lang.Object, java.lang.Object, java.lang.Object, java.lang.Object, java.lang.Object)'> (0x00000000ceefc9d8) 
thrown [s\open\src\hotspot\share\interpreter\linkResolver.cpp, line 805]
Event: 0.512 Thread 0x00000218a3145b90 Exception <a 'java/lang/NoSuchMethodError'{0x00000000cec19540}: 'int java.lang.invoke.DirectMethodHandle$Holder.invokeStaticInit(java.lang.Object, java.lang.Object)'> (0x00000000cec19540) 
thrown [s\open\src\hotspot\share\interpreter\linkResolver.cpp, line 805]

VM Operations (8 events):
Event: 0.044 Executing VM operation: HandshakeAllThreads (Deoptimize)
Event: 0.044 Executing VM operation: HandshakeAllThreads (Deoptimize) done
Event: 0.133 Executing VM operation: HandshakeAllThreads (Deoptimize)
Event: 0.133 Executing VM operation: HandshakeAllThreads (Deoptimize) done
Event: 0.145 Executing VM operation: HandshakeAllThreads (Deoptimize)
Event: 0.145 Executing VM operation: HandshakeAllThreads (Deoptimize) done
Event: 0.452 Executing VM operation: HandshakeAllThreads (Deoptimize)
Event: 0.452 Executing VM operation: HandshakeAllThreads (Deoptimize) done

Memory protections (0 events):
No events

Nmethod flushes (0 events):
No events

Events (18 events):
Event: 0.016 Thread 0x00000218a3145b90 Thread added: 0x00000218a3145b90
Event: 0.025 Thread 0x00000218a3145b90 Thread added: 0x00000218c19c0410
Event: 0.025 Thread 0x00000218a3145b90 Thread added: 0x00000218c19c3160
Event: 0.025 Thread 0x00000218a3145b90 Thread added: 0x00000218c19c7fa0
Event: 0.026 Thread 0x00000218a3145b90 Thread added: 0x00000218c19c8cf0
Event: 0.026 Thread 0x00000218a3145b90 Thread added: 0x00000218c19ca4c0
Event: 0.026 Thread 0x00000218a3145b90 Thread added: 0x00000218c19cbff0
Event: 0.026 Thread 0x00000218a3145b90 Thread added: 0x00000218c19ccf40
Event: 0.026 Thread 0x00000218a3145b90 Thread added: 0x00000218c19d12a0
Event: 0.032 Thread 0x00000218c19d12a0 Thread added: 0x00000218c1ba12f0
Event: 0.033 Thread 0x00000218c19d12a0 Thread added: 0x00000218c1bbd440
Event: 0.033 Thread 0x00000218c19d12a0 Thread added: 0x00000218c1bca900
Event: 0.034 Thread 0x00000218a3145b90 Thread added: 0x00000218c1c1fc90
Event: 0.037 Thread 0x00000218a3145b90 Thread added: 0x00000218c1c21c80
Event: 0.081 Thread 0x00000218c1bbd440 Thread added: 0x00000218c1c89860
Event: 0.081 Thread 0x00000218c1bca900 Thread added: 0x00000218c1c8a1f0
Event: 0.137 Thread 0x00000218a3145b90 Thread added: 0x000002190763d170
Event: 0.146 Thread 0x000002190763d170 Thread exited: 0x000002190763d170


Dynamic libraries:
0x00007ff6d19c0000 - 0x00007ff6d19d0000 	C:\Program Files\Java\jdk-24\bin\java.exe
0x00007ffc4dc60000 - 0x00007ffc4dec8000 	C:\WINDOWS\SYSTEM32\ntdll.dll
0x00007ffc4c4e0000 - 0x00007ffc4c5a9000 	C:\WINDOWS\System32\KERNEL32.DLL
0x00007ffc4b440000 - 0x00007ffc4b836000 	C:\WINDOWS\System32\KERNELBASE.dll
0x00007ffc4b840000 - 0x00007ffc4b98b000 	C:\WINDOWS\System32\ucrtbase.dll
0x00007ffc2ea00000 - 0x00007ffc2ea16000 	C:\Program Files\Java\jdk-24\bin\jli.dll
0x00007ffc28d20000 - 0x00007ffc28d3b000 	C:\Program Files\Java\jdk-24\bin\VCRUNTIME140.dll
0x00007ffc4be30000 - 0x00007ffc4bff7000 	C:\WINDOWS\System32\USER32.dll
0x00007ffc4b120000 - 0x00007ffc4b147000 	C:\WINDOWS\System32\win32u.dll
0x00007ffc2e6c0000 - 0x00007ffc2e952000 	C:\WINDOWS\WinSxS\amd64_microsoft.windows.common-controls_6595b64144ccf1df_6.0.26100.6780_none_3e0ecbcce32e8870\COMCTL32.dll
0x00007ffc4cd90000 - 0x00007ffc4cdbb000 	C:\WINDOWS\System32\GDI32.dll
0x00007ffc4cce0000 - 0x00007ffc4cd89000 	C:\WINDOWS\System32\msvcrt.dll
0x00007ffc4af40000 - 0x00007ffc4b06c000 	C:\WINDOWS\System32\gdi32full.dll
0x00007ffc4ae90000 - 0x00007ffc4af33000 	C:\WINDOWS\System32\msvcp_win.dll
0x00007ffc4cca0000 - 0x00007ffc4ccd1000 	C:\WINDOWS\System32\IMM32.DLL
0x00007ffc44360000 - 0x00007ffc4436c000 	C:\Program Files\Java\jdk-24\bin\vcruntime140_1.dll
0x00007ffc1f3e0000 - 0x00007ffc1f46e000 	C:\Program Files\Java\jdk-24\bin\msvcp140.dll
0x00007ffb741d0000 - 0x00007ffb74f72000 	C:\Program Files\Java\jdk-24\bin\server\jvm.dll
0x00007ffc4c0c0000 - 0x00007ffc4c174000 	C:\WINDOWS\System32\ADVAPI32.dll
0x00007ffc4cb70000 - 0x00007ffc4cc16000 	C:\WINDOWS\System32\sechost.dll
0x00007ffc4cdd0000 - 0x00007ffc4cee8000 	C:\WINDOWS\System32\RPCRT4.dll
0x00007ffc4cf00000 - 0x00007ffc4cf74000 	C:\WINDOWS\System32\WS2_32.dll
0x00007ffc499d0000 - 0x00007ffc49a2e000 	C:\WINDOWS\SYSTEM32\POWRPROF.dll
0x00007ffc361b0000 - 0x00007ffc361e5000 	C:\WINDOWS\SYSTEM32\WINMM.dll
0x00007ffc43170000 - 0x00007ffc4317b000 	C:\WINDOWS\SYSTEM32\VERSION.dll
0x00007ffc499b0000 - 0x00007ffc499c4000 	C:\WINDOWS\SYSTEM32\UMPDC.dll
0x00007ffc49ca0000 - 0x00007ffc49cbb000 	C:\WINDOWS\SYSTEM32\kernel.appcore.dll
0x00007ffc2cbe0000 - 0x00007ffc2cbea000 	C:\Program Files\Java\jdk-24\bin\jimage.dll
0x00007ffc480f0000 - 0x00007ffc48332000 	C:\WINDOWS\SYSTEM32\DBGHELP.DLL
0x00007ffc4baa0000 - 0x00007ffc4be28000 	C:\WINDOWS\System32\combase.dll
0x00007ffc4c1f0000 - 0x00007ffc4c2c7000 	C:\WINDOWS\System32\OLEAUT32.dll
0x00007ffc2ccf0000 - 0x00007ffc2cd2c000 	C:\WINDOWS\SYSTEM32\dbgcore.DLL
0x00007ffc4b070000 - 0x00007ffc4b115000 	C:\WINDOWS\System32\bcryptPrimitives.dll
0x00007ffc20070000 - 0x00007ffc2008e000 	C:\Program Files\Java\jdk-24\bin\java.dll
0x00007ffc4c5b0000 - 0x00007ffc4c747000 	C:\WINDOWS\System32\ole32.dll
0x00007ffc4d440000 - 0x00007ffc4db8d000 	C:\WINDOWS\System32\SHELL32.dll
0x00007ffc4b2d0000 - 0x00007ffc4b43b000 	C:\WINDOWS\System32\wintypes.dll
0x00007ffc48a20000 - 0x00007ffc4927d000 	C:\WINDOWS\SYSTEM32\windows.storage.dll
0x00007ffc4ca70000 - 0x00007ffc4cb62000 	C:\WINDOWS\System32\SHCORE.dll
0x00007ffc4c180000 - 0x00007ffc4c1e2000 	C:\WINDOWS\System32\shlwapi.dll
0x00007ffc4acf0000 - 0x00007ffc4ad18000 	C:\WINDOWS\SYSTEM32\profapi.dll
0x00007ffc03790000 - 0x00007ffc03867000 	C:\Program Files\Java\jdk-24\bin\jsvml.dll
0x00007ffc2c5c0000 - 0x00007ffc2c5d0000 	C:\Program Files\Java\jdk-24\bin\net.dll
0x00007ffc4a230000 - 0x00007ffc4a29b000 	C:\WINDOWS\system32\mswsock.dll
0x00007ffc20010000 - 0x00007ffc20026000 	C:\Program Files\Java\jdk-24\bin\nio.dll
0x00007ffc1f870000 - 0x00007ffc1f887000 	C:\Program Files\Java\jdk-24\bin\zip.dll
0x00007ffc1f840000 - 0x00007ffc1f864000 	C:\Program Files\Apache\maven\apache-maven-3.9.11\lib\jansi-native\Windows\x86_64\jansi.dll
0x00007ffc20330000 - 0x00007ffc20340000 	C:\Program Files\Java\jdk-24\bin\verify.dll

JVMTI agents: none

dbghelp: loaded successfully - version: 4.0.5 - missing functions: none
symbol engine: initialized successfully - sym options: 0x614 - pdb path: .;C:\Program Files\Java\jdk-24\bin;C:\WINDOWS\SYSTEM32;C:\WINDOWS\WinSxS\amd64_microsoft.windows.common-controls_6595b64144ccf1df_6.0.26100.6780_none_3e0ecbcce32e8870;C:\Program Files\Java\jdk-24\bin\server;C:\Program Files\Apache\maven\apache-maven-3.9.11\lib\jansi-native\Windows\x86_64

VM Arguments:
jvm_args: --enable-native-access=ALL-UNNAMED -Xms256m -Xmx1024m -Dclassworlds.conf=C:\Program Files\Apache\maven\apache-maven-3.9.11\bin\m2.conf -Dmaven.home=C:\Program Files\Apache\maven\apache-maven-3.9.11 -Dlibrary.jansi.path=C:\Program Files\Apache\maven\apache-maven-3.9.11\lib\jansi-native -Dmaven.multiModuleProjectDirectory=C:\Users\91798\Downloads\assignment 
java_command: org.codehaus.plexus.classworlds.launcher.Launcher clean install
java_class_path (initial): C:\Program Files\Apache\maven\apache-maven-3.9.11\boot\plexus-classworlds-2.9.0.jar
Launcher Type: SUN_STANDARD

[Global flags]
     intx CICompilerCount                          = 12                                        {product} {ergonomic}
     uint ConcGCThreads                            = 3                                         {product} {ergonomic}
     uint G1ConcRefinementThreads                  = 13                                        {product} {ergonomic}
   size_t G1HeapRegionSize                         = 1048576                                   {product} {ergonomic}
   size_t InitialHeapSize                          = 268435456                                 {product} {command line}
   size_t MarkStackSize                            = 4194304                                   {product} {ergonomic}
   size_t MarkStackSizeMax                         = 536870912                                 {product} {ergonomic}
   size_t MaxHeapSize                              = 1073741824                                {product} {command line}
   size_t MaxNewSize                               = 643825664                                 {product} {ergonomic}
   size_t MinHeapDeltaBytes                        = 1048576                                   {product} {ergonomic}
   size_t MinHeapSize                              = 268435456                                 {product} {command line}
    uintx NonNMethodCodeHeapSize                   = 7602176                                {pd product} {ergonomic}
    uintx NonProfiledCodeHeapSize                  = 122093568                              {pd product} {ergonomic}
    uintx ProfiledCodeHeapSize                     = 121962496                              {pd product} {ergonomic}
    uintx ReservedCodeCacheSize                    = 251658240                              {pd product} {ergonomic}
     bool SegmentedCodeCache                       = true                                      {product} {ergonomic}
   size_t SoftMaxHeapSize                          = 1073741824                             {manageable} {ergonomic}
     bool UseCompressedOops                        = true                           {product lp64_product} {ergonomic}
     bool UseG1GC                                  = true                                      {product} {ergonomic}
     bool UseLargePagesIndividualAllocation        = false                                  {pd product} {ergonomic}

Logging:
Log output configuration:
 #0: stdout all=warning uptime,level,tags foldmultilines=false
 #1: stderr all=off uptime,level,tags foldmultilines=false

Environment Variables:
PATH=C:\Python313\Scripts\;C:\Python313\;C:\Program Files\Common Files\Oracle\Java\javapath;C:\Program Files\Microsoft SDKs\Azure\CLI2\wbin;C:\Program Files\ImageMagick-7.1.1-Q16-HDRI;C:\Program Files (x86)\ImageMagick-6.9.13-Q8;C:\Program Files (x86)\Common Files\Intel\Shared Libraries\redist\intel64\compiler;C:\Program Files\Python38\Scripts\;C:\Program Files\Python38\;C:\Program Files\Zulu\zulu-17\bin\;C:\Program Files (x86)\Common Files\Oracle\Java\javapath;C:\Windows\system32;C:\Windows;C:\Windows\System32\Wbem;C:\Windows\System32\WindowsPowerShell\v1.0\;C:\Windows\System32\OpenSSH\;C:\Program Files (x86)\NVIDIA Corporation\PhysX\Common;C:\WINDOWS\system32;C:\WINDOWS;C:\WINDOWS\System32\Wbem;C:\WINDOWS\System32\WindowsPowerShell\v1.0\;C:\WINDOWS\System32\OpenSSH\;C:\Program Files\dotnet\;C:\Program Files\MATLAB\R2022b\bin;C:\MinGW\bin;D:\runtime\win64;D:\bin;C:\Users\91798\Downloads\bin;C:\Program Files\MySQL\MySQL Server 8.0\bin;C:\ProgramData\chocolatey\bin;C:\Program Files\Amazon\AWSCLIV2\;C:\Program Files\NVIDIA Corporation\NVIDIA app\NvDLISR;C:\Program Files\Java\jdk-24\bin;C:\Program Files\Docker\Docker\resources\bin;E:\Graphviz\bin;E:\nodejs\;C:\Program Files\MongoDB\Server\8.2\bin;C:\Program Files\cursor\resources\app\bin;C:\Program Files\NVIDIA\CUDNN\v9.13\bin;C:\Program Files\NVIDIA\CUDNN\v9.13\lib;C:\Program Files\Git\cmd;C:\Program Files\Apache\maven\apache-maven-3.9.11\bin;C:\Program Files\MySQL\MySQL Shell 8.0\bin\;C:\Users\91798\AppData\Local\Microsoft\WindowsApps;C:\Program Files\JetBrains\PyCharm Community Edition 2022.2\bin;C:\MinGW\bin;C:\Program Files\JetBrains\WebStorm 2022.3.1\bin;C:\Program Files\JetBrains\IntelliJ IDEA Community Edition 2022.3.1\bin;C:\Users\91798\AppData\Local\Programs\Python\Python311\Scripts;C:\Users\91798\AppData\Local\Programs\Microsoft VS Code\bin;C:\Users\91798\AppData\Local\Coursier\data\bin;C:\Program Files\Tesseract-OCR;C:\Program Files\ImageMagick-7.1.1-Q16-HDRI;C:\Users\91798\Downloads\windows_10_cmake_Release_Graphviz-11.0.0-win64\Graphviz-11.0.0-win64\bin;C:\Users\91798\AppData\Local\Programs\Python\Python312;C:\Users\91798\AppData\Local\Programs\Python\Python312\Scripts;C:\Users\91798\AppData\Local\Microsoft\WindowsApps;E:\cursor\resources\app\bin;E:\Graphviz\bin;C:\Users\91798\AppData\Roaming\npm;C:\Program Files\MongoDB\Server\8.2\bin;C:\Users\91798\AppData\Local\Programs\mongosh\
USERNAME=91798
OS=Windows_NT
PROCESSOR_IDENTIFIER=Intel64 Family 6 Model 141 Stepping 1, GenuineIntel
TMP=C:\Users\91798\AppData\Local\Temp
TEMP=C:\Users\91798\AppData\Local\Temp




Periodic native trim disabled

---------------  S Y S T E M  ---------------

OS:
 Windows 11 , 64 bit Build 26100 (10.0.26100.6780)
OS uptime: 0 days 5:55 hours
Hyper-V role detected

CPU: total 16 (initial active 16) (8 cores per cpu, 2 threads per core) family 6 model 141 stepping 1 microcode 0x34, cx8, cmov, fxsr, ht, mmx, 3dnowpref, sse, sse2, sse3, ssse3, sse4.1, sse4.2, popcnt, lzcnt, tsc, tscinvbit, avx, avx2, aes, erms, clmul, bmi1, bmi2, adx, avx512f, avx512dq, avx512cd, avx512bw, avx512vl, sha, fma, vzeroupper, avx512_vpopcntdq, avx512_vpclmulqdq, avx512_vaes, avx512_vnni, clflush, clflushopt, clwb, avx512_vbmi2, avx512_vbmi, hv, rdtscp, rdpid, fsrm, gfni, avx512_bitalg, f16c, cet_ibt, cet_ss, avx512_ifma
Processor Information for the first 16 processors :
  Max Mhz: 2301, Current Mhz: 2301, Mhz Limit: 2301

Memory: 4k page, system-wide physical 16085M (1820M free)
TotalPageFile size 16085M (AvailPageFile size 6M)
current process WorkingSet (physical memory assigned to process): 101M, peak: 101M
current process commit charge ("private bytes"): 394M, peak: 394M

vm_info: Java HotSpot(TM) 64-Bit Server VM (24.0.1+9-30) for windows-amd64 JRE (24.0.1+9-30), built on 2025-03-05T07:23:45Z with MS VC++ 17.6 (VS2022)

END.
